0 info it worked if it ends with ok
1 verbose cli [ 'C:\\Program Files\\nodejs\\node.exe',
1 verbose cli   'C:\\Program Files\\nodejs\\node_modules\\npm\\bin\\npm-cli.js',
1 verbose cli   'run',
1 verbose cli   'dev' ]
2 info using npm@3.10.10
3 info using node@v6.10.0
4 verbose run-script [ 'predev', 'dev', 'postdev' ]
5 info lifecycle simpleui@1.0.0~predev: simpleui@1.0.0
6 silly lifecycle simpleui@1.0.0~predev: no script for predev, continuing
7 info lifecycle simpleui@1.0.0~dev: simpleui@1.0.0
8 verbose lifecycle simpleui@1.0.0~dev: unsafe-perm in lifecycle true
9 verbose lifecycle simpleui@1.0.0~dev: PATH: C:\Program Files\nodejs\node_modules\npm\bin\node-gyp-bin;C:\mk\project\SimpleUI\node_modules\.bin;C:\Windows\system32;C:\Windows;C:\Windows\System32\Wbem;C:\Windows\System32\WindowsPowerShell\v1.0\;C:\Program Files\nodejs\;C:\Ruby23-x64\bin;C:\Users\mk\AppData\Local\Programs\Python\Python36-32\Scripts\;C:\Users\mk\AppData\Local\Programs\Python\Python36-32\;C:\Users\mk\AppData\Local\Microsoft\WindowsApps;C:\Users\mk\AppData\Roaming\npm
10 verbose lifecycle simpleui@1.0.0~dev: CWD: C:\mk\project\SimpleUI
11 silly lifecycle simpleui@1.0.0~dev: Args: [ '/d /s /c', 'webpack --config build/webpack.dev.js --watch' ]
12 silly lifecycle simpleui@1.0.0~dev: Returned: code: 3221225786  signal: null
13 info lifecycle simpleui@1.0.0~dev: Failed to exec dev script
14 verbose stack Error: simpleui@1.0.0 dev: `webpack --config build/webpack.dev.js --watch`
14 verbose stack Exit status 3221225786
14 verbose stack     at EventEmitter.<anonymous> (C:\Program Files\nodejs\node_modules\npm\lib\utils\lifecycle.js:255:16)
14 verbose stack     at emitTwo (events.js:106:13)
14 verbose stack     at EventEmitter.emit (events.js:191:7)
14 verbose stack     at ChildProcess.<anonymous> (C:\Program Files\nodejs\node_modules\npm\lib\utils\spawn.js:40:14)
14 verbose stack     at emitTwo (events.js:106:13)
14 verbose stack     at ChildProcess.emit (events.js:191:7)
14 verbose stack     at maybeClose (internal/child_process.js:877:16)
14 verbose stack     at Process.ChildProcess._handle.onexit (internal/child_process.js:226:5)
15 verbose pkgid simpleui@1.0.0
16 verbose cwd C:\mk\project\SimpleUI
17 error Windows_NT 10.0.14393
18 error argv "C:\\Program Files\\nodejs\\node.exe" "C:\\Program Files\\nodejs\\node_modules\\npm\\bin\\npm-cli.js" "run" "dev"
19 error node v6.10.0
20 error npm  v3.10.10
21 error code ELIFECYCLE
22 error simpleui@1.0.0 dev: `webpack --config build/webpack.dev.js --watch`
22 error Exit status 3221225786
23 error Failed at the simpleui@1.0.0 dev script 'webpack --config build/webpack.dev.js --watch'.
23 error Make sure you have the latest version of node.js and npm installed.
23 error If you do, this is most likely a problem with the simpleui package,
23 error not with npm itself.
23 error Tell the author that this fails on your system:
23 error     webpack --config build/webpack.dev.js --watch
23 error You can get information on how to open an issue for this project with:
23 error     npm bugs simpleui
23 error Or if that isn't available, you can get their info via:
23 error     npm owner ls simpleui
23 error There is likely additional logging output above.
24 verbose exit [ 1, true ]
